<?xml version="1.0" encoding="UTF-8"?>
<!-- Generated by org.testng.reporters.JUnitReportReporter -->
<testsuite skipped="0" hostname="LAPTOP-F541DPTP" name="com.mavanProject.MavenProject.Sample2" tests="1" failures="0" timestamp="2021-02-28T00:26:07 IST" time="9.741" errors="0">
  <testcase name="firefoxDemo" time="9.741" classname="com.mavanProject.MavenProject.Sample2"/>
  <system-out/>
</testsuite> <!-- com.mavanProject.MavenProject.Sample2 -->
