<?xml version="1.0" encoding="UTF-8"?>
<!-- Generated by org.testng.reporters.JUnitReportReporter -->
<testsuite skipped="0" hostname="LAPTOP-F541DPTP" name="com.mavanProject.MavenProject.Sample1" tests="1" failures="0" timestamp="2021-02-28T00:26:07 IST" time="10.577" errors="0">
  <testcase name="login" time="10.577" classname="com.mavanProject.MavenProject.Sample1"/>
  <system-out/>
</testsuite> <!-- com.mavanProject.MavenProject.Sample1 -->
